<?xml version="1.0" encoding="UTF-8"?>
<testsuite name="nl.tudelft.jpacman.level.PlayerTest" tests="1" skipped="0" failures="0" errors="0" timestamp="2025-08-08T05:20:47" hostname="PUTER" time="0.001">
  <properties/>
  <testcase name="isAlive()" classname="nl.tudelft.jpacman.level.PlayerTest" time="0.001"/>
  <system-out><![CDATA[]]></system-out>
  <system-err><![CDATA[]]></system-err>
</testsuite>
