<?xml version="1.0" encoding="UTF-8"?>
<testsuite name="nl.tudelft.jpacman.npc.ghost.InkyTest" tests="8" skipped="0" failures="0" errors="0" timestamp="2025-08-08T05:08:27" hostname="IGORS_PC" time="0.116">
  <properties/>
  <testcase name="onlyInkyTest()" classname="nl.tudelft.jpacman.npc.ghost.InkyTest" time="0.011"/>
  <testcase name="destinationWrapAroundTest()" classname="nl.tudelft.jpacman.npc.ghost.InkyTest" time="0.015"/>
  <testcase name="noPlayerTest()" classname="nl.tudelft.jpacman.npc.ghost.InkyTest" time="0.013"/>
  <testcase name="onDestinationPlayerBlinkyAdjacentTest()" classname="nl.tudelft.jpacman.npc.ghost.InkyTest" time="0.013"/>
  <testcase name="playerBlinkyInkyAdjacentTest()" classname="nl.tudelft.jpacman.npc.ghost.InkyTest" time="0.015"/>
  <testcase name="destinationUnreachableTest()" classname="nl.tudelft.jpacman.npc.ghost.InkyTest" time="0.017"/>
  <testcase name="blinkyPlayerInkyAdjacentTest()" classname="nl.tudelft.jpacman.npc.ghost.InkyTest" time="0.014"/>
  <testcase name="noBlinkyTest()" classname="nl.tudelft.jpacman.npc.ghost.InkyTest" time="0.011"/>
  <system-out><![CDATA[]]></system-out>
  <system-err><![CDATA[]]></system-err>
</testsuite>
