<?xml version="1.0" encoding="UTF-8"?>
<testsuite name="nl.tudelft.jpacman.board.WithinbordersTest" tests="8" skipped="0" failures="0" errors="0" timestamp="2025-08-08T05:12:38" hostname="PUTER" time="0.06">
  <properties/>
  <testcase name="[1] -1, 2" classname="nl.tudelft.jpacman.board.WithinbordersTest" time="0.033"/>
  <testcase name="[2] 4, 2" classname="nl.tudelft.jpacman.board.WithinbordersTest" time="0.001"/>
  <testcase name="[3] 2, -1" classname="nl.tudelft.jpacman.board.WithinbordersTest" time="0.001"/>
  <testcase name="[4] 2, 4" classname="nl.tudelft.jpacman.board.WithinbordersTest" time="0.001"/>
  <testcase name="[1] 0, 2" classname="nl.tudelft.jpacman.board.WithinbordersTest" time="0.001"/>
  <testcase name="[2] 3, 2" classname="nl.tudelft.jpacman.board.WithinbordersTest" time="0.002"/>
  <testcase name="[3] 2, 0" classname="nl.tudelft.jpacman.board.WithinbordersTest" time="0.001"/>
  <testcase name="[4] 2, 3" classname="nl.tudelft.jpacman.board.WithinbordersTest" time="0.001"/>
  <system-out><![CDATA[]]></system-out>
  <system-err><![CDATA[]]></system-err>
</testsuite>
