<?xml version="1.0" encoding="UTF-8"?>
<testsuite name="nl.tudelft.jpacman.board.WithinbordersTest" tests="4" skipped="0" failures="0" errors="0" timestamp="2025-08-08T02:45:32" hostname="IGORS_PC" time="0.179">
  <properties/>
  <testcase name="[1] 0, 2" classname="nl.tudelft.jpacman.board.WithinbordersTest" time="0.164"/>
  <testcase name="[2] 3, 2" classname="nl.tudelft.jpacman.board.WithinbordersTest" time="0.002"/>
  <testcase name="[3] 2, 0" classname="nl.tudelft.jpacman.board.WithinbordersTest" time="0.003"/>
  <testcase name="[4] 2, 3" classname="nl.tudelft.jpacman.board.WithinbordersTest" time="0.002"/>
  <system-out><![CDATA[]]></system-out>
  <system-err><![CDATA[]]></system-err>
</testsuite>
