<?xml version="1.0" encoding="UTF-8"?>
<<<<<<< HEAD
<testsuite name="nl.tudelft.jpacman.integration.StartupSystemTest" tests="1" skipped="0" failures="0" errors="0" timestamp="2025-08-08T05:08:09" hostname="IGORS_PC" time="0.062">
  <properties/>
  <testcase name="gameIsRunning()" classname="nl.tudelft.jpacman.integration.StartupSystemTest" time="0.062"/>
=======
<testsuite name="nl.tudelft.jpacman.integration.StartupSystemTest" tests="1" skipped="0" failures="0" errors="0" timestamp="2025-08-08T05:06:49" hostname="PUTER" time="0.094">
  <properties/>
  <testcase name="gameIsRunning()" classname="nl.tudelft.jpacman.integration.StartupSystemTest" time="0.094"/>
>>>>>>> cde6c8345d47cbd2e61c001004e61d323ada9283
  <system-out><![CDATA[]]></system-out>
  <system-err><![CDATA[]]></system-err>
</testsuite>
