<?xml version="1.0" encoding="UTF-8"?>
<testsuite name="nl.tudelft.jpacman.npc.ghost.NavigationTest" tests="8" skipped="0" failures="0" errors="0" timestamp="2025-08-08T05:06:50" hostname="PUTER" time="0.105">
  <properties/>
  <testcase name="testSimplePath()" classname="nl.tudelft.jpacman.npc.ghost.NavigationTest" time="0.018"/>
  <testcase name="testNoTraveller()" classname="nl.tudelft.jpacman.npc.ghost.NavigationTest" time="0.009"/>
  <testcase name="testNoShortestPath()" classname="nl.tudelft.jpacman.npc.ghost.NavigationTest" time="0.01"/>
  <testcase name="testFullSizedLevel()" classname="nl.tudelft.jpacman.npc.ghost.NavigationTest" time="0.029"/>
  <testcase name="testShortestPathEmpty()" classname="nl.tudelft.jpacman.npc.ghost.NavigationTest" time="0.006"/>
  <testcase name="testNoNearestUnit()" classname="nl.tudelft.jpacman.npc.ghost.NavigationTest" time="0.006"/>
  <testcase name="testCornerPath()" classname="nl.tudelft.jpacman.npc.ghost.NavigationTest" time="0.008"/>
  <testcase name="testNearestUnit()" classname="nl.tudelft.jpacman.npc.ghost.NavigationTest" time="0.011"/>
  <system-out><![CDATA[]]></system-out>
  <system-err><![CDATA[]]></system-err>
</testsuite>
